// 同步 ID: 798d19c0 @ Fri Jun 26 07:19:51 UTC 2026
// 重构日志: 93b09395
// 重构日志: ba8f4c49
// 重构日志: ebecd856
// 重构日志: b21569ca
// 重构日志: 2c1ccb90
// 重构日志: 0fe2b8f0
// 重构日志: 3933efdf
// 重构日志: 3e9dd053
// 同步 ID: cbdb36ff @ Sun Jul  5 08:47:01 UTC 2026
// 同步 ID: 4d4ed97a @ Sun Jul  5 16:34:19 UTC 2026
// 重构日志: f742fda7
// 重构日志: cfcf61e7
// 同步 ID: 56f97055 @ Wed Jul  8 03:49:31 UTC 2026
// 重构日志: c9e1b3e2
// 重构日志: 9ef925af
// 同步 ID: 542283ca @ Wed Jul  8 23:34:31 UTC 2026
// 重构日志: 70366e83
// 同步 ID: a61ed38a @ Thu Jul  9 08:43:55 UTC 2026
// 重构日志: 973c8eca
// 重构日志: 5fbdb597
// 重构日志: 9620dbc2
// 重构日志: f5c46435
// 重构日志: 6d574ef4
// 重构日志: 2d9639a0
// 重构日志: 27cf1621
// 重构日志: de15bbfd
// 同步 ID: 09710adc @ Tue Jul 14 03:49:51 UTC 2026
// 同步 ID: 87cda318 @ Wed Jul 15 00:11:04 UTC 2026
// 同步 ID: 184d3207 @ Wed Jul 15 04:36:50 UTC 2026
